[01:01:03.300] Global cache location '/Users/iskander/Library/Caches/typescript/4.9', safe file path '/usr/local/cellar/typescript/4.9.5/libexec/lib/node_modules/typescript/lib/typingsafelist.json', types map path /usr/local/cellar/typescript/4.9.5/libexec/lib/node_modules/typescript/lib/typesmap.json
[01:01:03.302] Processing cache location '/Users/iskander/Library/Caches/typescript/4.9'
[01:01:03.302] Trying to find '/Users/iskander/Library/Caches/typescript/4.9/package.json'...
[01:01:03.304] Loaded content of '/Users/iskander/Library/Caches/typescript/4.9/package.json': {"private":true,"dependencies":{"types-registry":"^0.1.633"},"devDependencies":{"@types/eslint":"^8.21.1","@types/node":"^18.14.2","@types/object-assign":"^4.0.30","@types/object.omit":"^3.0.0","@types/react":"^18.0.28","@types/react-dom":"^18.0.11","@types/vimeo__player":"^2.16.3"}}
[01:01:03.304] Loaded content of '/Users/iskander/Library/Caches/typescript/4.9/package-lock.json'
[01:01:03.317] Adding entry into typings cache: 'eslint' => '/Users/iskander/Library/Caches/typescript/4.9/node_modules/@types/eslint/index.d.ts'
[01:01:03.322] Adding entry into typings cache: 'node' => '/Users/iskander/Library/Caches/typescript/4.9/node_modules/@types/node/index.d.ts'
[01:01:03.324] Adding entry into typings cache: 'object-assign' => '/Users/iskander/Library/Caches/typescript/4.9/node_modules/@types/object-assign/index.d.ts'
[01:01:03.326] Adding entry into typings cache: 'object.omit' => '/Users/iskander/Library/Caches/typescript/4.9/node_modules/@types/object.omit/index.d.ts'
[01:01:03.329] Adding entry into typings cache: 'react' => '/Users/iskander/Library/Caches/typescript/4.9/node_modules/@types/react/index.d.ts'
[01:01:03.333] Adding entry into typings cache: 'react-dom' => '/Users/iskander/Library/Caches/typescript/4.9/node_modules/@types/react-dom/index.d.ts'
[01:01:03.335] Adding entry into typings cache: 'vimeo__player' => '/Users/iskander/Library/Caches/typescript/4.9/node_modules/@types/vimeo__player/index.d.ts'
[01:01:03.335] Finished processing cache location '/Users/iskander/Library/Caches/typescript/4.9'
[01:01:03.335] Process id: 28222
[01:01:03.335] NPM location: /usr/local/bin/npm (explicit '--npmLocation' not  provided)
[01:01:03.336] validateDefaultNpmLocation: false
[01:01:03.336] Npm config file: /Users/iskander/Library/Caches/typescript/4.9/package.json
[01:01:03.336] Updating types-registry npm package...
[01:01:03.336] Exec: /usr/local/bin/npm install --ignore-scripts types-registry@latest
[01:01:05.438]     Succeeded. stdout:
    
    up to date, audited 14 packages in 1s

found 0 vulnerabilities

[01:01:05.439] Updated types-registry npm package
[01:01:05.472] Got install request {"projectName":"/dev/null/inferredProject1*","fileNames":["/usr/local/Cellar/typescript/4.9.5/libexec/lib/node_modules/typescript/lib/lib.es5.d.ts","/usr/local/Cellar/typescript/4.9.5/libexec/lib/node_modules/typescript/lib/lib.es2015.d.ts","/usr/local/Cellar/typescript/4.9.5/libexec/lib/node_modules/typescript/lib/lib.es2016.d.ts","/usr/local/Cellar/typescript/4.9.5/libexec/lib/node_modules/typescript/lib/lib.dom.d.ts","/usr/local/Cellar/typescript/4.9.5/libexec/lib/node_modules/typescript/lib/lib.dom.iterable.d.ts","/usr/local/Cellar/typescript/4.9.5/libexec/lib/node_modules/typescript/lib/lib.webworker.importscripts.d.ts","/usr/local/Cellar/typescript/4.9.5/libexec/lib/node_modules/typescript/lib/lib.scripthost.d.ts","/usr/local/Cellar/typescript/4.9.5/libexec/lib/node_modules/typescript/lib/lib.es2015.core.d.ts","/usr/local/Cellar/typescript/4.9.5/libexec/lib/node_modules/typescript/lib/lib.es2015.collection.d.ts","/usr/local/Cellar/typescript/4.9.5/libexec/lib/node_modules/typescript/lib/lib.es2015.generator.d.ts","/usr/local/Cellar/typescript/4.9.5/libexec/lib/node_modules/typescript/lib/lib.es2015.iterable.d.ts","/usr/local/Cellar/typescript/4.9.5/libexec/lib/node_modules/typescript/lib/lib.es2015.promise.d.ts","/usr/local/Cellar/typescript/4.9.5/libexec/lib/node_modules/typescript/lib/lib.es2015.proxy.d.ts","/usr/local/Cellar/typescript/4.9.5/libexec/lib/node_modules/typescript/lib/lib.es2015.reflect.d.ts","/usr/local/Cellar/typescript/4.9.5/libexec/lib/node_modules/typescript/lib/lib.es2015.symbol.d.ts","/usr/local/Cellar/typescript/4.9.5/libexec/lib/node_modules/typescript/lib/lib.es2015.symbol.wellknown.d.ts","/usr/local/Cellar/typescript/4.9.5/libexec/lib/node_modules/typescript/lib/lib.es2016.array.include.d.ts","/usr/local/Cellar/typescript/4.9.5/libexec/lib/node_modules/typescript/lib/lib.es2016.full.d.ts","/Users/iskander/code/chilly-landing/components/container.js","/Users/iskander/code/chilly-landing/components/contentful-image.js","/Users/iskander/code/chilly-landing/components/avatar.js","/Users/iskander/code/chilly-landing/components/date.js","/Users/iskander/code/chilly-landing/components/cover-image.js","/Users/iskander/code/chilly-landing/components/post-preview.js","/Users/iskander/code/chilly-landing/components/more-stories.js","/Users/iskander/code/chilly-landing/components/hero-post.js","/Users/iskander/code/chilly-landing/components/intro.js","/Users/iskander/code/chilly-landing/components/suzanne.js","/Users/iskander/code/chilly-landing/components/description.js","/Users/iskander/code/chilly-landing/components/blocks.js","/Users/iskander/code/chilly-landing/lib/constants.js","/Users/iskander/code/chilly-landing/components/alert.js","/Users/iskander/code/chilly-landing/components/footer.js","/Users/iskander/code/chilly-landing/components/meta.js","/Users/iskander/code/chilly-landing/components/layout.js","/Users/iskander/code/chilly-landing/lib/api.js","/Users/iskander/code/chilly-landing/pages/index.js"],"compilerOptions":{"module":1,"target":3,"jsx":1,"allowJs":true,"allowSyntheticDefaultImports":true,"allowNonTsExtensions":true,"noEmitForJsFiles":true,"maxNodeModuleJsDepth":2},"typeAcquisition":{"enable":true,"include":[],"exclude":[]},"unresolvedImports":["@react-three/drei","@react-three/fiber","classnames","date-fns","leva","next"],"projectRootPath":"/Users/iskander/code/chilly-landing/pages","kind":"discover"}
[01:01:05.481] Loaded safelist from types map file '/usr/local/cellar/typescript/4.9.5/libexec/lib/node_modules/typescript/lib/typesmap.json'
[01:01:05.482] Explicitly included types: []
[01:01:05.483] Inferred typings from file names: ["intro.js"]
[01:01:05.483] Inferred typings from unresolved imports: ["@react-three/drei","@react-three/fiber","classnames","date-fns","leva","next"]
[01:01:05.483] Result: {"cachedTypingPaths":[],"newTypingNames":["intro.js","@react-three/drei","@react-three/fiber","classnames","date-fns","leva","next"],"filesToWatch":["/Users/iskander/code/chilly-landing/components/bower_components","/Users/iskander/code/chilly-landing/components/node_modules","/Users/iskander/code/chilly-landing/lib/bower_components","/Users/iskander/code/chilly-landing/lib/node_modules","/Users/iskander/code/chilly-landing/pages/bower_components","/Users/iskander/code/chilly-landing/pages/node_modules"]}
[01:01:05.483] Finished typings discovery: {"cachedTypingPaths":[],"newTypingNames":["intro.js","@react-three/drei","@react-three/fiber","classnames","date-fns","leva","next"],"filesToWatch":["/Users/iskander/code/chilly-landing/components/bower_components","/Users/iskander/code/chilly-landing/components/node_modules","/Users/iskander/code/chilly-landing/lib/bower_components","/Users/iskander/code/chilly-landing/lib/node_modules","/Users/iskander/code/chilly-landing/pages/bower_components","/Users/iskander/code/chilly-landing/pages/node_modules"]}
[01:01:05.484] DirectoryWatcher:: Added:: WatchInfo: /Users/iskander/code/chilly-landing/components/bower_components
[01:01:05.484] DirectoryWatcher:: Added:: WatchInfo: /Users/iskander/code/chilly-landing/components/bower_components 1 undefined Project: /dev/null/inferredProject1* watcher already invoked: false
[01:01:05.485] Elapsed:: 0.8462730050086975ms DirectoryWatcher:: Added:: WatchInfo: /Users/iskander/code/chilly-landing/components/bower_components 1 undefined Project: /dev/null/inferredProject1* watcher already invoked: false
[01:01:05.486] DirectoryWatcher:: Added:: WatchInfo: /Users/iskander/code/chilly-landing/components/node_modules
[01:01:05.486] DirectoryWatcher:: Added:: WatchInfo: /Users/iskander/code/chilly-landing/components/node_modules 1 undefined Project: /dev/null/inferredProject1* watcher already invoked: false
[01:01:05.486] Elapsed:: 0.09667900204658508ms DirectoryWatcher:: Added:: WatchInfo: /Users/iskander/code/chilly-landing/components/node_modules 1 undefined Project: /dev/null/inferredProject1* watcher already invoked: false
[01:01:05.486] DirectoryWatcher:: Added:: WatchInfo: /Users/iskander/code/chilly-landing/lib/bower_components
[01:01:05.486] DirectoryWatcher:: Added:: WatchInfo: /Users/iskander/code/chilly-landing/lib/bower_components 1 undefined Project: /dev/null/inferredProject1* watcher already invoked: false
[01:01:05.486] Elapsed:: 0.07617500424385071ms DirectoryWatcher:: Added:: WatchInfo: /Users/iskander/code/chilly-landing/lib/bower_components 1 undefined Project: /dev/null/inferredProject1* watcher already invoked: false
[01:01:05.487] DirectoryWatcher:: Added:: WatchInfo: /Users/iskander/code/chilly-landing/lib/node_modules
[01:01:05.487] DirectoryWatcher:: Added:: WatchInfo: /Users/iskander/code/chilly-landing/lib/node_modules 1 undefined Project: /dev/null/inferredProject1* watcher already invoked: false
[01:01:05.487] Elapsed:: 0.07467100024223328ms DirectoryWatcher:: Added:: WatchInfo: /Users/iskander/code/chilly-landing/lib/node_modules 1 undefined Project: /dev/null/inferredProject1* watcher already invoked: false
[01:01:05.487] DirectoryWatcher:: Added:: WatchInfo: /Users/iskander/code/chilly-landing/pages/bower_components
[01:01:05.487] DirectoryWatcher:: Added:: WatchInfo: /Users/iskander/code/chilly-landing/pages/bower_components 1 undefined Project: /dev/null/inferredProject1* watcher already invoked: false
[01:01:05.487] Elapsed:: 0.09405499696731567ms DirectoryWatcher:: Added:: WatchInfo: /Users/iskander/code/chilly-landing/pages/bower_components 1 undefined Project: /dev/null/inferredProject1* watcher already invoked: false
[01:01:05.487] DirectoryWatcher:: Added:: WatchInfo: /Users/iskander/code/chilly-landing/pages/node_modules
[01:01:05.488] DirectoryWatcher:: Added:: WatchInfo: /Users/iskander/code/chilly-landing/pages/node_modules 1 undefined Project: /dev/null/inferredProject1* watcher already invoked: false
[01:01:05.488] Elapsed:: 0.09161698818206787ms DirectoryWatcher:: Added:: WatchInfo: /Users/iskander/code/chilly-landing/pages/node_modules 1 undefined Project: /dev/null/inferredProject1* watcher already invoked: false
[01:01:05.488] Installing typings ["intro.js","@react-three/drei","@react-three/fiber","classnames","date-fns","leva","next"]
[01:01:05.488] '@react-three/drei':: Entry for package 'react-three__drei' does not exist in local types registry - skipping...
[01:01:05.488] '@react-three/fiber':: Entry for package 'react-three__fiber' does not exist in local types registry - skipping...
[01:01:05.489] 'classnames':: Entry for package 'classnames' does not exist in local types registry - skipping...
[01:01:05.489] 'date-fns':: Entry for package 'date-fns' does not exist in local types registry - skipping...
[01:01:05.489] 'leva':: Entry for package 'leva' does not exist in local types registry - skipping...
[01:01:05.489] 'next':: Entry for package 'next' does not exist in local types registry - skipping...
[01:01:05.489] Npm config file: /Users/iskander/Library/Caches/typescript/4.9/package.json
[01:01:05.489] Sending response:
    {"kind":"event::beginInstallTypes","eventId":1,"typingsInstallerVersion":"4.9.5","projectName":"/dev/null/inferredProject1*"}
[01:01:05.489] Response has been sent.
[01:01:05.490] #1 with arguments'["@types/intro.js@ts4.9"]'.
[01:01:05.490] Exec: /usr/local/bin/npm install --ignore-scripts @types/intro.js@ts4.9 --save-dev --user-agent="typesInstaller/4.9.5"
[01:01:08.608]     Succeeded. stdout:
    
    added 1 package, and audited 15 packages in 3s

found 0 vulnerabilities

[01:01:08.608] npm install #1 took: 3118 ms
[01:01:08.609] Installed typings ["@types/intro.js@ts4.9"]
[01:01:08.611] Installed typing files ["/Users/iskander/Library/Caches/typescript/4.9/node_modules/@types/intro.js/index.d.ts"]
[01:01:08.611] Sending response:
    {"projectName":"/dev/null/inferredProject1*","typeAcquisition":{"enable":true,"include":[],"exclude":[]},"compilerOptions":{"module":1,"target":3,"jsx":1,"allowJs":true,"allowSyntheticDefaultImports":true,"allowNonTsExtensions":true,"noEmitForJsFiles":true,"maxNodeModuleJsDepth":2},"typings":["/Users/iskander/Library/Caches/typescript/4.9/node_modules/@types/intro.js/index.d.ts"],"unresolvedImports":["@react-three/drei","@react-three/fiber","classnames","date-fns","leva","next"],"kind":"action::set"}
[01:01:08.611] Response has been sent.
[01:01:08.611] Sending response:
    {"kind":"event::endInstallTypes","eventId":1,"projectName":"/dev/null/inferredProject1*","packagesToInstall":["@types/intro.js@ts4.9"],"installSuccess":true,"typingsInstallerVersion":"4.9.5"}
[01:01:08.611] Response has been sent.
[01:01:09.010] Got install request {"projectName":"/dev/null/inferredProject1*","fileNames":["/usr/local/Cellar/typescript/4.9.5/libexec/lib/node_modules/typescript/lib/lib.es5.d.ts","/usr/local/Cellar/typescript/4.9.5/libexec/lib/node_modules/typescript/lib/lib.es2015.d.ts","/usr/local/Cellar/typescript/4.9.5/libexec/lib/node_modules/typescript/lib/lib.es2016.d.ts","/usr/local/Cellar/typescript/4.9.5/libexec/lib/node_modules/typescript/lib/lib.dom.d.ts","/usr/local/Cellar/typescript/4.9.5/libexec/lib/node_modules/typescript/lib/lib.dom.iterable.d.ts","/usr/local/Cellar/typescript/4.9.5/libexec/lib/node_modules/typescript/lib/lib.webworker.importscripts.d.ts","/usr/local/Cellar/typescript/4.9.5/libexec/lib/node_modules/typescript/lib/lib.scripthost.d.ts","/usr/local/Cellar/typescript/4.9.5/libexec/lib/node_modules/typescript/lib/lib.es2015.core.d.ts","/usr/local/Cellar/typescript/4.9.5/libexec/lib/node_modules/typescript/lib/lib.es2015.collection.d.ts","/usr/local/Cellar/typescript/4.9.5/libexec/lib/node_modules/typescript/lib/lib.es2015.generator.d.ts","/usr/local/Cellar/typescript/4.9.5/libexec/lib/node_modules/typescript/lib/lib.es2015.iterable.d.ts","/usr/local/Cellar/typescript/4.9.5/libexec/lib/node_modules/typescript/lib/lib.es2015.promise.d.ts","/usr/local/Cellar/typescript/4.9.5/libexec/lib/node_modules/typescript/lib/lib.es2015.proxy.d.ts","/usr/local/Cellar/typescript/4.9.5/libexec/lib/node_modules/typescript/lib/lib.es2015.reflect.d.ts","/usr/local/Cellar/typescript/4.9.5/libexec/lib/node_modules/typescript/lib/lib.es2015.symbol.d.ts","/usr/local/Cellar/typescript/4.9.5/libexec/lib/node_modules/typescript/lib/lib.es2015.symbol.wellknown.d.ts","/usr/local/Cellar/typescript/4.9.5/libexec/lib/node_modules/typescript/lib/lib.es2016.array.include.d.ts","/usr/local/Cellar/typescript/4.9.5/libexec/lib/node_modules/typescript/lib/lib.es2016.full.d.ts","/Users/iskander/code/chilly-landing/components/container.js","/Users/iskander/code/chilly-landing/components/contentful-image.js","/Users/iskander/code/chilly-landing/components/avatar.js","/Users/iskander/code/chilly-landing/components/date.js","/Users/iskander/code/chilly-landing/components/cover-image.js","/Users/iskander/code/chilly-landing/components/post-preview.js","/Users/iskander/code/chilly-landing/components/more-stories.js","/Users/iskander/code/chilly-landing/components/hero-post.js","/Users/iskander/code/chilly-landing/components/intro.js","/Users/iskander/code/chilly-landing/components/suzanne.js","/Users/iskander/code/chilly-landing/components/description.js","/Users/iskander/code/chilly-landing/components/blocks.js","/Users/iskander/code/chilly-landing/lib/constants.js","/Users/iskander/code/chilly-landing/components/alert.js","/Users/iskander/code/chilly-landing/components/footer.js","/Users/iskander/code/chilly-landing/components/meta.js","/Users/iskander/code/chilly-landing/components/layout.js","/Users/iskander/code/chilly-landing/lib/api.js","/Users/iskander/code/chilly-landing/pages/index.js","/Users/iskander/Library/Caches/typescript/4.9/node_modules/@types/intro.js/index.d.ts"],"compilerOptions":{"module":1,"target":3,"jsx":1,"allowJs":true,"allowSyntheticDefaultImports":true,"allowNonTsExtensions":true,"noEmitForJsFiles":true,"maxNodeModuleJsDepth":2},"typeAcquisition":{"enable":true,"include":[],"exclude":[]},"unresolvedImports":["@react-three/drei","@react-three/fiber","classnames","date-fns","leva","next"],"projectRootPath":"/Users/iskander/code/chilly-landing/pages","kind":"discover"}
[01:01:09.011] Explicitly included types: []
[01:01:09.012] Inferred typings from file names: ["intro.js"]
[01:01:09.013] Inferred typings from unresolved imports: ["@react-three/drei","@react-three/fiber","classnames","date-fns","leva","next"]
[01:01:09.013] Result: {"cachedTypingPaths":["/Users/iskander/Library/Caches/typescript/4.9/node_modules/@types/intro.js/index.d.ts"],"newTypingNames":["@react-three/drei","@react-three/fiber","classnames","date-fns","leva","next"],"filesToWatch":["/Users/iskander/code/chilly-landing/components/bower_components","/Users/iskander/code/chilly-landing/components/node_modules","/Users/iskander/code/chilly-landing/lib/bower_components","/Users/iskander/code/chilly-landing/lib/node_modules","/Users/iskander/code/chilly-landing/pages/bower_components","/Users/iskander/code/chilly-landing/pages/node_modules"]}
[01:01:09.014] Finished typings discovery: {"cachedTypingPaths":["/Users/iskander/Library/Caches/typescript/4.9/node_modules/@types/intro.js/index.d.ts"],"newTypingNames":["@react-three/drei","@react-three/fiber","classnames","date-fns","leva","next"],"filesToWatch":["/Users/iskander/code/chilly-landing/components/bower_components","/Users/iskander/code/chilly-landing/components/node_modules","/Users/iskander/code/chilly-landing/lib/bower_components","/Users/iskander/code/chilly-landing/lib/node_modules","/Users/iskander/code/chilly-landing/pages/bower_components","/Users/iskander/code/chilly-landing/pages/node_modules"]}
[01:01:09.014] Installing typings ["@react-three/drei","@react-three/fiber","classnames","date-fns","leva","next"]
[01:01:09.014] '@react-three/drei':: Entry for package 'react-three__drei' does not exist in local types registry - skipping...
[01:01:09.015] '@react-three/fiber':: Entry for package 'react-three__fiber' does not exist in local types registry - skipping...
[01:01:09.015] 'classnames':: Entry for package 'classnames' does not exist in local types registry - skipping...
[01:01:09.015] 'date-fns':: Entry for package 'date-fns' does not exist in local types registry - skipping...
[01:01:09.015] 'leva':: Entry for package 'leva' does not exist in local types registry - skipping...
[01:01:09.015] 'next':: Entry for package 'next' does not exist in local types registry - skipping...
[01:01:09.015] All typings are known to be missing or invalid - no need to install more typings
[01:01:09.016] Sending response:
    {"projectName":"/dev/null/inferredProject1*","typeAcquisition":{"enable":true,"include":[],"exclude":[]},"compilerOptions":{"module":1,"target":3,"jsx":1,"allowJs":true,"allowSyntheticDefaultImports":true,"allowNonTsExtensions":true,"noEmitForJsFiles":true,"maxNodeModuleJsDepth":2},"typings":["/Users/iskander/Library/Caches/typescript/4.9/node_modules/@types/intro.js/index.d.ts"],"unresolvedImports":["@react-three/drei","@react-three/fiber","classnames","date-fns","leva","next"],"kind":"action::set"}
[01:01:09.016] Response has been sent.
[12:05:46.713] Got install request {"projectName":"/dev/null/inferredProject2*","fileNames":["/usr/local/Cellar/typescript/4.9.5/libexec/lib/node_modules/typescript/lib/lib.es5.d.ts","/usr/local/Cellar/typescript/4.9.5/libexec/lib/node_modules/typescript/lib/lib.es2015.d.ts","/usr/local/Cellar/typescript/4.9.5/libexec/lib/node_modules/typescript/lib/lib.es2016.d.ts","/usr/local/Cellar/typescript/4.9.5/libexec/lib/node_modules/typescript/lib/lib.dom.d.ts","/usr/local/Cellar/typescript/4.9.5/libexec/lib/node_modules/typescript/lib/lib.dom.iterable.d.ts","/usr/local/Cellar/typescript/4.9.5/libexec/lib/node_modules/typescript/lib/lib.webworker.importscripts.d.ts","/usr/local/Cellar/typescript/4.9.5/libexec/lib/node_modules/typescript/lib/lib.scripthost.d.ts","/usr/local/Cellar/typescript/4.9.5/libexec/lib/node_modules/typescript/lib/lib.es2015.core.d.ts","/usr/local/Cellar/typescript/4.9.5/libexec/lib/node_modules/typescript/lib/lib.es2015.collection.d.ts","/usr/local/Cellar/typescript/4.9.5/libexec/lib/node_modules/typescript/lib/lib.es2015.generator.d.ts","/usr/local/Cellar/typescript/4.9.5/libexec/lib/node_modules/typescript/lib/lib.es2015.iterable.d.ts","/usr/local/Cellar/typescript/4.9.5/libexec/lib/node_modules/typescript/lib/lib.es2015.promise.d.ts","/usr/local/Cellar/typescript/4.9.5/libexec/lib/node_modules/typescript/lib/lib.es2015.proxy.d.ts","/usr/local/Cellar/typescript/4.9.5/libexec/lib/node_modules/typescript/lib/lib.es2015.reflect.d.ts","/usr/local/Cellar/typescript/4.9.5/libexec/lib/node_modules/typescript/lib/lib.es2015.symbol.d.ts","/usr/local/Cellar/typescript/4.9.5/libexec/lib/node_modules/typescript/lib/lib.es2015.symbol.wellknown.d.ts","/usr/local/Cellar/typescript/4.9.5/libexec/lib/node_modules/typescript/lib/lib.es2016.array.include.d.ts","/usr/local/Cellar/typescript/4.9.5/libexec/lib/node_modules/typescript/lib/lib.es2016.full.d.ts","/Users/iskander/code/chilly-landing/pages/_app.js"],"compilerOptions":{"module":1,"target":3,"jsx":1,"allowJs":true,"allowSyntheticDefaultImports":true,"allowNonTsExtensions":true,"noEmitForJsFiles":true,"maxNodeModuleJsDepth":2},"typeAcquisition":{"enable":true,"include":[],"exclude":[]},"unresolvedImports":[],"projectRootPath":"/Users/iskander/code/chilly-landing/pages","kind":"discover"}
[12:05:46.716] Explicitly included types: []
[12:05:46.718] Inferred typings from unresolved imports: []
[12:05:46.718] Result: {"cachedTypingPaths":[],"newTypingNames":[],"filesToWatch":["/Users/iskander/code/chilly-landing/pages/bower_components","/Users/iskander/code/chilly-landing/pages/node_modules"]}
[12:05:46.718] Finished typings discovery: {"cachedTypingPaths":[],"newTypingNames":[],"filesToWatch":["/Users/iskander/code/chilly-landing/pages/bower_components","/Users/iskander/code/chilly-landing/pages/node_modules"]}
[12:05:46.719] DirectoryWatcher:: Added:: WatchInfo: /Users/iskander/code/chilly-landing/pages/bower_components
[12:05:46.719] DirectoryWatcher:: Added:: WatchInfo: /Users/iskander/code/chilly-landing/pages/bower_components 1 undefined Project: /dev/null/inferredProject2* watcher already invoked: false
[12:05:46.719] Elapsed:: 0.1741980016231537ms DirectoryWatcher:: Added:: WatchInfo: /Users/iskander/code/chilly-landing/pages/bower_components 1 undefined Project: /dev/null/inferredProject2* watcher already invoked: false
[12:05:46.719] DirectoryWatcher:: Added:: WatchInfo: /Users/iskander/code/chilly-landing/pages/node_modules
[12:05:46.720] DirectoryWatcher:: Added:: WatchInfo: /Users/iskander/code/chilly-landing/pages/node_modules 1 undefined Project: /dev/null/inferredProject2* watcher already invoked: false
[12:05:46.720] Elapsed:: 0.022066980600357056ms DirectoryWatcher:: Added:: WatchInfo: /Users/iskander/code/chilly-landing/pages/node_modules 1 undefined Project: /dev/null/inferredProject2* watcher already invoked: false
[12:05:46.720] Sending response:
    {"projectName":"/dev/null/inferredProject2*","typeAcquisition":{"enable":true,"include":[],"exclude":[]},"compilerOptions":{"module":1,"target":3,"jsx":1,"allowJs":true,"allowSyntheticDefaultImports":true,"allowNonTsExtensions":true,"noEmitForJsFiles":true,"maxNodeModuleJsDepth":2},"typings":[],"unresolvedImports":[],"kind":"action::set"}
[12:05:46.720] Response has been sent.
[12:05:46.720] No new typings were requested as a result of typings discovery
[12:05:48.131] Got install request {"projectName":"/dev/null/inferredProject2*","fileNames":["/usr/local/Cellar/typescript/4.9.5/libexec/lib/node_modules/typescript/lib/lib.es5.d.ts","/usr/local/Cellar/typescript/4.9.5/libexec/lib/node_modules/typescript/lib/lib.es2015.d.ts","/usr/local/Cellar/typescript/4.9.5/libexec/lib/node_modules/typescript/lib/lib.es2016.d.ts","/usr/local/Cellar/typescript/4.9.5/libexec/lib/node_modules/typescript/lib/lib.dom.d.ts","/usr/local/Cellar/typescript/4.9.5/libexec/lib/node_modules/typescript/lib/lib.dom.iterable.d.ts","/usr/local/Cellar/typescript/4.9.5/libexec/lib/node_modules/typescript/lib/lib.webworker.importscripts.d.ts","/usr/local/Cellar/typescript/4.9.5/libexec/lib/node_modules/typescript/lib/lib.scripthost.d.ts","/usr/local/Cellar/typescript/4.9.5/libexec/lib/node_modules/typescript/lib/lib.es2015.core.d.ts","/usr/local/Cellar/typescript/4.9.5/libexec/lib/node_modules/typescript/lib/lib.es2015.collection.d.ts","/usr/local/Cellar/typescript/4.9.5/libexec/lib/node_modules/typescript/lib/lib.es2015.generator.d.ts","/usr/local/Cellar/typescript/4.9.5/libexec/lib/node_modules/typescript/lib/lib.es2015.iterable.d.ts","/usr/local/Cellar/typescript/4.9.5/libexec/lib/node_modules/typescript/lib/lib.es2015.promise.d.ts","/usr/local/Cellar/typescript/4.9.5/libexec/lib/node_modules/typescript/lib/lib.es2015.proxy.d.ts","/usr/local/Cellar/typescript/4.9.5/libexec/lib/node_modules/typescript/lib/lib.es2015.reflect.d.ts","/usr/local/Cellar/typescript/4.9.5/libexec/lib/node_modules/typescript/lib/lib.es2015.symbol.d.ts","/usr/local/Cellar/typescript/4.9.5/libexec/lib/node_modules/typescript/lib/lib.es2015.symbol.wellknown.d.ts","/usr/local/Cellar/typescript/4.9.5/libexec/lib/node_modules/typescript/lib/lib.es2016.array.include.d.ts","/usr/local/Cellar/typescript/4.9.5/libexec/lib/node_modules/typescript/lib/lib.es2016.full.d.ts","/Users/iskander/code/chilly-landing/pages/_app.js"],"compilerOptions":{"module":1,"target":3,"jsx":1,"allowJs":true,"allowSyntheticDefaultImports":true,"allowNonTsExtensions":true,"noEmitForJsFiles":true,"maxNodeModuleJsDepth":2},"typeAcquisition":{"enable":true,"include":[],"exclude":[]},"unresolvedImports":["@vercel/analytics"],"projectRootPath":"/Users/iskander/code/chilly-landing/pages","kind":"discover"}
[12:05:48.131] Explicitly included types: []
[12:05:48.132] Inferred typings from unresolved imports: ["@vercel/analytics"]
[12:05:48.132] Result: {"cachedTypingPaths":[],"newTypingNames":["@vercel/analytics"],"filesToWatch":["/Users/iskander/code/chilly-landing/pages/bower_components","/Users/iskander/code/chilly-landing/pages/node_modules"]}
[12:05:48.132] Finished typings discovery: {"cachedTypingPaths":[],"newTypingNames":["@vercel/analytics"],"filesToWatch":["/Users/iskander/code/chilly-landing/pages/bower_components","/Users/iskander/code/chilly-landing/pages/node_modules"]}
[12:05:48.132] Installing typings ["@vercel/analytics"]
[12:05:48.132] '@vercel/analytics':: Entry for package 'vercel__analytics' does not exist in local types registry - skipping...
[12:05:48.132] All typings are known to be missing or invalid - no need to install more typings
[12:05:48.133] Sending response:
    {"projectName":"/dev/null/inferredProject2*","typeAcquisition":{"enable":true,"include":[],"exclude":[]},"compilerOptions":{"module":1,"target":3,"jsx":1,"allowJs":true,"allowSyntheticDefaultImports":true,"allowNonTsExtensions":true,"noEmitForJsFiles":true,"maxNodeModuleJsDepth":2},"typings":[],"unresolvedImports":["@vercel/analytics"],"kind":"action::set"}
[12:05:48.133] Response has been sent.
[12:06:37.580] Got install request {"projectName":"/dev/null/inferredProject1*","fileNames":["/usr/local/Cellar/typescript/4.9.5/libexec/lib/node_modules/typescript/lib/lib.es5.d.ts","/usr/local/Cellar/typescript/4.9.5/libexec/lib/node_modules/typescript/lib/lib.es2015.d.ts","/usr/local/Cellar/typescript/4.9.5/libexec/lib/node_modules/typescript/lib/lib.es2016.d.ts","/usr/local/Cellar/typescript/4.9.5/libexec/lib/node_modules/typescript/lib/lib.dom.d.ts","/usr/local/Cellar/typescript/4.9.5/libexec/lib/node_modules/typescript/lib/lib.dom.iterable.d.ts","/usr/local/Cellar/typescript/4.9.5/libexec/lib/node_modules/typescript/lib/lib.webworker.importscripts.d.ts","/usr/local/Cellar/typescript/4.9.5/libexec/lib/node_modules/typescript/lib/lib.scripthost.d.ts","/usr/local/Cellar/typescript/4.9.5/libexec/lib/node_modules/typescript/lib/lib.es2015.core.d.ts","/usr/local/Cellar/typescript/4.9.5/libexec/lib/node_modules/typescript/lib/lib.es2015.collection.d.ts","/usr/local/Cellar/typescript/4.9.5/libexec/lib/node_modules/typescript/lib/lib.es2015.generator.d.ts","/usr/local/Cellar/typescript/4.9.5/libexec/lib/node_modules/typescript/lib/lib.es2015.iterable.d.ts","/usr/local/Cellar/typescript/4.9.5/libexec/lib/node_modules/typescript/lib/lib.es2015.promise.d.ts","/usr/local/Cellar/typescript/4.9.5/libexec/lib/node_modules/typescript/lib/lib.es2015.proxy.d.ts","/usr/local/Cellar/typescript/4.9.5/libexec/lib/node_modules/typescript/lib/lib.es2015.reflect.d.ts","/usr/local/Cellar/typescript/4.9.5/libexec/lib/node_modules/typescript/lib/lib.es2015.symbol.d.ts","/usr/local/Cellar/typescript/4.9.5/libexec/lib/node_modules/typescript/lib/lib.es2015.symbol.wellknown.d.ts","/usr/local/Cellar/typescript/4.9.5/libexec/lib/node_modules/typescript/lib/lib.es2016.array.include.d.ts","/usr/local/Cellar/typescript/4.9.5/libexec/lib/node_modules/typescript/lib/lib.es2016.full.d.ts","/Users/iskander/code/chilly-landing/components/container.js","/Users/iskander/code/chilly-landing/components/contentful-image.js","/Users/iskander/code/chilly-landing/components/avatar.js","/Users/iskander/code/chilly-landing/components/date.js","/Users/iskander/code/chilly-landing/components/cover-image.js","/Users/iskander/code/chilly-landing/components/post-preview.js","/Users/iskander/code/chilly-landing/components/more-stories.js","/Users/iskander/code/chilly-landing/components/hero-post.js","/Users/iskander/code/chilly-landing/components/intro.js","/Users/iskander/code/chilly-landing/components/suzanne.js","/Users/iskander/code/chilly-landing/components/description.js","/Users/iskander/code/chilly-landing/components/blocks.js","/Users/iskander/code/chilly-landing/lib/constants.js","/Users/iskander/code/chilly-landing/components/alert.js","/Users/iskander/code/chilly-landing/components/footer.js","/Users/iskander/code/chilly-landing/components/meta.js","/Users/iskander/code/chilly-landing/components/layout.js","/Users/iskander/code/chilly-landing/lib/api.js","/Users/iskander/code/chilly-landing/pages/index.js","/Users/iskander/Library/Caches/typescript/4.9/node_modules/@types/intro.js/index.d.ts"],"compilerOptions":{"module":1,"target":3,"jsx":1,"allowJs":true,"allowSyntheticDefaultImports":true,"allowNonTsExtensions":true,"noEmitForJsFiles":true,"maxNodeModuleJsDepth":2},"typeAcquisition":{"enable":true,"include":[],"exclude":[]},"unresolvedImports":["@react-three/fiber","leva","next"],"projectRootPath":"/Users/iskander/code/chilly-landing/pages","kind":"discover"}
[12:06:37.581] Explicitly included types: []
[12:06:37.581] Inferred typings from file names: ["intro.js"]
[12:06:37.582] Inferred typings from unresolved imports: ["@react-three/fiber","leva","next"]
[12:06:37.582] Result: {"cachedTypingPaths":["/Users/iskander/Library/Caches/typescript/4.9/node_modules/@types/intro.js/index.d.ts"],"newTypingNames":["@react-three/fiber","leva","next"],"filesToWatch":["/Users/iskander/code/chilly-landing/components/bower_components","/Users/iskander/code/chilly-landing/components/node_modules","/Users/iskander/code/chilly-landing/lib/bower_components","/Users/iskander/code/chilly-landing/lib/node_modules","/Users/iskander/code/chilly-landing/pages/bower_components","/Users/iskander/code/chilly-landing/pages/node_modules"]}
[12:06:37.582] Finished typings discovery: {"cachedTypingPaths":["/Users/iskander/Library/Caches/typescript/4.9/node_modules/@types/intro.js/index.d.ts"],"newTypingNames":["@react-three/fiber","leva","next"],"filesToWatch":["/Users/iskander/code/chilly-landing/components/bower_components","/Users/iskander/code/chilly-landing/components/node_modules","/Users/iskander/code/chilly-landing/lib/bower_components","/Users/iskander/code/chilly-landing/lib/node_modules","/Users/iskander/code/chilly-landing/pages/bower_components","/Users/iskander/code/chilly-landing/pages/node_modules"]}
[12:06:37.584] Installing typings ["@react-three/fiber","leva","next"]
[12:06:37.584] '@react-three/fiber':: Entry for package 'react-three__fiber' does not exist in local types registry - skipping...
[12:06:37.584] 'leva':: Entry for package 'leva' does not exist in local types registry - skipping...
[12:06:37.584] 'next':: Entry for package 'next' does not exist in local types registry - skipping...
[12:06:37.584] All typings are known to be missing or invalid - no need to install more typings
[12:06:37.584] Sending response:
    {"projectName":"/dev/null/inferredProject1*","typeAcquisition":{"enable":true,"include":[],"exclude":[]},"compilerOptions":{"module":1,"target":3,"jsx":1,"allowJs":true,"allowSyntheticDefaultImports":true,"allowNonTsExtensions":true,"noEmitForJsFiles":true,"maxNodeModuleJsDepth":2},"typings":["/Users/iskander/Library/Caches/typescript/4.9/node_modules/@types/intro.js/index.d.ts"],"unresolvedImports":["@react-three/fiber","leva","next"],"kind":"action::set"}
[12:06:37.584] Response has been sent.
[12:06:37.585] Got install request {"projectName":"/dev/null/inferredProject2*","fileNames":["/usr/local/Cellar/typescript/4.9.5/libexec/lib/node_modules/typescript/lib/lib.es5.d.ts","/usr/local/Cellar/typescript/4.9.5/libexec/lib/node_modules/typescript/lib/lib.es2015.d.ts","/usr/local/Cellar/typescript/4.9.5/libexec/lib/node_modules/typescript/lib/lib.es2016.d.ts","/usr/local/Cellar/typescript/4.9.5/libexec/lib/node_modules/typescript/lib/lib.dom.d.ts","/usr/local/Cellar/typescript/4.9.5/libexec/lib/node_modules/typescript/lib/lib.dom.iterable.d.ts","/usr/local/Cellar/typescript/4.9.5/libexec/lib/node_modules/typescript/lib/lib.webworker.importscripts.d.ts","/usr/local/Cellar/typescript/4.9.5/libexec/lib/node_modules/typescript/lib/lib.scripthost.d.ts","/usr/local/Cellar/typescript/4.9.5/libexec/lib/node_modules/typescript/lib/lib.es2015.core.d.ts","/usr/local/Cellar/typescript/4.9.5/libexec/lib/node_modules/typescript/lib/lib.es2015.collection.d.ts","/usr/local/Cellar/typescript/4.9.5/libexec/lib/node_modules/typescript/lib/lib.es2015.generator.d.ts","/usr/local/Cellar/typescript/4.9.5/libexec/lib/node_modules/typescript/lib/lib.es2015.iterable.d.ts","/usr/local/Cellar/typescript/4.9.5/libexec/lib/node_modules/typescript/lib/lib.es2015.promise.d.ts","/usr/local/Cellar/typescript/4.9.5/libexec/lib/node_modules/typescript/lib/lib.es2015.proxy.d.ts","/usr/local/Cellar/typescript/4.9.5/libexec/lib/node_modules/typescript/lib/lib.es2015.reflect.d.ts","/usr/local/Cellar/typescript/4.9.5/libexec/lib/node_modules/typescript/lib/lib.es2015.symbol.d.ts","/usr/local/Cellar/typescript/4.9.5/libexec/lib/node_modules/typescript/lib/lib.es2015.symbol.wellknown.d.ts","/usr/local/Cellar/typescript/4.9.5/libexec/lib/node_modules/typescript/lib/lib.es2016.array.include.d.ts","/usr/local/Cellar/typescript/4.9.5/libexec/lib/node_modules/typescript/lib/lib.es2016.full.d.ts","/Users/iskander/code/chilly-landing/pages/_app.js"],"compilerOptions":{"module":1,"target":3,"jsx":1,"allowJs":true,"allowSyntheticDefaultImports":true,"allowNonTsExtensions":true,"noEmitForJsFiles":true,"maxNodeModuleJsDepth":2},"typeAcquisition":{"enable":true,"include":[],"exclude":[]},"unresolvedImports":["@vercel/analytics"],"projectRootPath":"/Users/iskander/code/chilly-landing/pages","kind":"discover"}
[12:06:37.585] Explicitly included types: []
[12:06:37.586] Inferred typings from unresolved imports: ["@vercel/analytics"]
[12:06:37.586] Result: {"cachedTypingPaths":[],"newTypingNames":["@vercel/analytics"],"filesToWatch":["/Users/iskander/code/chilly-landing/pages/bower_components","/Users/iskander/code/chilly-landing/pages/node_modules"]}
[12:06:37.586] Finished typings discovery: {"cachedTypingPaths":[],"newTypingNames":["@vercel/analytics"],"filesToWatch":["/Users/iskander/code/chilly-landing/pages/bower_components","/Users/iskander/code/chilly-landing/pages/node_modules"]}
[12:06:37.586] Installing typings ["@vercel/analytics"]
[12:06:37.586] '@vercel/analytics':: Entry for package 'vercel__analytics' does not exist in local types registry - skipping...
[12:06:37.586] All typings are known to be missing or invalid - no need to install more typings
[12:06:37.586] Sending response:
    {"projectName":"/dev/null/inferredProject2*","typeAcquisition":{"enable":true,"include":[],"exclude":[]},"compilerOptions":{"module":1,"target":3,"jsx":1,"allowJs":true,"allowSyntheticDefaultImports":true,"allowNonTsExtensions":true,"noEmitForJsFiles":true,"maxNodeModuleJsDepth":2},"typings":[],"unresolvedImports":["@vercel/analytics"],"kind":"action::set"}
[12:06:37.587] Response has been sent.
[12:06:41.194] Got install request {"projectName":"/dev/null/inferredProject1*","fileNames":["/usr/local/Cellar/typescript/4.9.5/libexec/lib/node_modules/typescript/lib/lib.es5.d.ts","/usr/local/Cellar/typescript/4.9.5/libexec/lib/node_modules/typescript/lib/lib.es2015.d.ts","/usr/local/Cellar/typescript/4.9.5/libexec/lib/node_modules/typescript/lib/lib.es2016.d.ts","/usr/local/Cellar/typescript/4.9.5/libexec/lib/node_modules/typescript/lib/lib.dom.d.ts","/usr/local/Cellar/typescript/4.9.5/libexec/lib/node_modules/typescript/lib/lib.dom.iterable.d.ts","/usr/local/Cellar/typescript/4.9.5/libexec/lib/node_modules/typescript/lib/lib.webworker.importscripts.d.ts","/usr/local/Cellar/typescript/4.9.5/libexec/lib/node_modules/typescript/lib/lib.scripthost.d.ts","/usr/local/Cellar/typescript/4.9.5/libexec/lib/node_modules/typescript/lib/lib.es2015.core.d.ts","/usr/local/Cellar/typescript/4.9.5/libexec/lib/node_modules/typescript/lib/lib.es2015.collection.d.ts","/usr/local/Cellar/typescript/4.9.5/libexec/lib/node_modules/typescript/lib/lib.es2015.generator.d.ts","/usr/local/Cellar/typescript/4.9.5/libexec/lib/node_modules/typescript/lib/lib.es2015.iterable.d.ts","/usr/local/Cellar/typescript/4.9.5/libexec/lib/node_modules/typescript/lib/lib.es2015.promise.d.ts","/usr/local/Cellar/typescript/4.9.5/libexec/lib/node_modules/typescript/lib/lib.es2015.proxy.d.ts","/usr/local/Cellar/typescript/4.9.5/libexec/lib/node_modules/typescript/lib/lib.es2015.reflect.d.ts","/usr/local/Cellar/typescript/4.9.5/libexec/lib/node_modules/typescript/lib/lib.es2015.symbol.d.ts","/usr/local/Cellar/typescript/4.9.5/libexec/lib/node_modules/typescript/lib/lib.es2015.symbol.wellknown.d.ts","/usr/local/Cellar/typescript/4.9.5/libexec/lib/node_modules/typescript/lib/lib.es2016.array.include.d.ts","/usr/local/Cellar/typescript/4.9.5/libexec/lib/node_modules/typescript/lib/lib.es2016.full.d.ts","/Users/iskander/code/chilly-landing/components/container.js","/Users/iskander/code/chilly-landing/components/contentful-image.js","/Users/iskander/code/chilly-landing/components/avatar.js","/Users/iskander/code/chilly-landing/components/date.js","/Users/iskander/code/chilly-landing/components/cover-image.js","/Users/iskander/code/chilly-landing/components/post-preview.js","/Users/iskander/code/chilly-landing/components/more-stories.js","/Users/iskander/code/chilly-landing/components/hero-post.js","/Users/iskander/code/chilly-landing/components/intro.js","/Users/iskander/code/chilly-landing/components/suzanne.js","/Users/iskander/code/chilly-landing/components/description.js","/Users/iskander/code/chilly-landing/components/blocks.js","/Users/iskander/code/chilly-landing/lib/constants.js","/Users/iskander/code/chilly-landing/components/alert.js","/Users/iskander/code/chilly-landing/components/footer.js","/Users/iskander/code/chilly-landing/components/meta.js","/Users/iskander/code/chilly-landing/components/layout.js","/Users/iskander/code/chilly-landing/lib/api.js","/Users/iskander/code/chilly-landing/pages/index.js","/Users/iskander/Library/Caches/typescript/4.9/node_modules/@types/intro.js/index.d.ts"],"compilerOptions":{"module":1,"target":3,"jsx":1,"allowJs":true,"allowSyntheticDefaultImports":true,"allowNonTsExtensions":true,"noEmitForJsFiles":true,"maxNodeModuleJsDepth":2},"typeAcquisition":{"enable":true,"include":[],"exclude":[]},"unresolvedImports":["react-reconciler","three","types"],"projectRootPath":"/Users/iskander/code/chilly-landing/pages","kind":"discover"}
[12:06:41.194] Explicitly included types: []
[12:06:41.195] Inferred typings from file names: ["intro.js"]
[12:06:41.195] Inferred typings from unresolved imports: ["react-reconciler","three","types"]
[12:06:41.195] Result: {"cachedTypingPaths":["/Users/iskander/Library/Caches/typescript/4.9/node_modules/@types/intro.js/index.d.ts"],"newTypingNames":["react-reconciler","three","types"],"filesToWatch":["/Users/iskander/code/chilly-landing/components/bower_components","/Users/iskander/code/chilly-landing/components/node_modules","/Users/iskander/code/chilly-landing/lib/bower_components","/Users/iskander/code/chilly-landing/lib/node_modules","/Users/iskander/code/chilly-landing/pages/bower_components","/Users/iskander/code/chilly-landing/pages/node_modules"]}
[12:06:41.195] Finished typings discovery: {"cachedTypingPaths":["/Users/iskander/Library/Caches/typescript/4.9/node_modules/@types/intro.js/index.d.ts"],"newTypingNames":["react-reconciler","three","types"],"filesToWatch":["/Users/iskander/code/chilly-landing/components/bower_components","/Users/iskander/code/chilly-landing/components/node_modules","/Users/iskander/code/chilly-landing/lib/bower_components","/Users/iskander/code/chilly-landing/lib/node_modules","/Users/iskander/code/chilly-landing/pages/bower_components","/Users/iskander/code/chilly-landing/pages/node_modules"]}
[12:06:41.195] Installing typings ["react-reconciler","three","types"]
[12:06:41.196] 'types':: Entry for package 'types' does not exist in local types registry - skipping...
[12:06:41.196] Npm config file: /Users/iskander/Library/Caches/typescript/4.9/package.json
[12:06:41.196] Sending response:
    {"kind":"event::beginInstallTypes","eventId":2,"typingsInstallerVersion":"4.9.5","projectName":"/dev/null/inferredProject1*"}
[12:06:41.196] Response has been sent.
[12:06:41.196] #2 with arguments'["@types/react-reconciler@ts4.9","@types/three@ts4.9"]'.
[12:06:41.196] Exec: /usr/local/bin/npm install --ignore-scripts @types/react-reconciler@ts4.9 @types/three@ts4.9 --save-dev --user-agent="typesInstaller/4.9.5"
[12:06:47.863]     Succeeded. stdout:
    
    added 3 packages, and audited 18 packages in 6s

found 0 vulnerabilities

[12:06:47.864] npm install #2 took: 6668 ms
[12:06:47.864] Installed typings ["@types/react-reconciler@ts4.9","@types/three@ts4.9"]
[12:06:47.873] Installed typing files ["/Users/iskander/Library/Caches/typescript/4.9/node_modules/@types/react-reconciler/index.d.ts","/Users/iskander/Library/Caches/typescript/4.9/node_modules/@types/three/index.d.ts"]
[12:06:47.873] Sending response:
    {"projectName":"/dev/null/inferredProject1*","typeAcquisition":{"enable":true,"include":[],"exclude":[]},"compilerOptions":{"module":1,"target":3,"jsx":1,"allowJs":true,"allowSyntheticDefaultImports":true,"allowNonTsExtensions":true,"noEmitForJsFiles":true,"maxNodeModuleJsDepth":2},"typings":["/Users/iskander/Library/Caches/typescript/4.9/node_modules/@types/intro.js/index.d.ts","/Users/iskander/Library/Caches/typescript/4.9/node_modules/@types/react-reconciler/index.d.ts","/Users/iskander/Library/Caches/typescript/4.9/node_modules/@types/three/index.d.ts"],"unresolvedImports":["react-reconciler","three","types"],"kind":"action::set"}
[12:06:47.873] Response has been sent.
[12:06:47.874] Sending response:
    {"kind":"event::endInstallTypes","eventId":2,"projectName":"/dev/null/inferredProject1*","packagesToInstall":["@types/react-reconciler@ts4.9","@types/three@ts4.9"],"installSuccess":true,"typingsInstallerVersion":"4.9.5"}
[12:06:47.874] Response has been sent.
[12:06:47.874] Got install request {"projectName":"/dev/null/inferredProject2*","fileNames":["/usr/local/Cellar/typescript/4.9.5/libexec/lib/node_modules/typescript/lib/lib.es5.d.ts","/usr/local/Cellar/typescript/4.9.5/libexec/lib/node_modules/typescript/lib/lib.es2015.d.ts","/usr/local/Cellar/typescript/4.9.5/libexec/lib/node_modules/typescript/lib/lib.es2016.d.ts","/usr/local/Cellar/typescript/4.9.5/libexec/lib/node_modules/typescript/lib/lib.dom.d.ts","/usr/local/Cellar/typescript/4.9.5/libexec/lib/node_modules/typescript/lib/lib.dom.iterable.d.ts","/usr/local/Cellar/typescript/4.9.5/libexec/lib/node_modules/typescript/lib/lib.webworker.importscripts.d.ts","/usr/local/Cellar/typescript/4.9.5/libexec/lib/node_modules/typescript/lib/lib.scripthost.d.ts","/usr/local/Cellar/typescript/4.9.5/libexec/lib/node_modules/typescript/lib/lib.es2015.core.d.ts","/usr/local/Cellar/typescript/4.9.5/libexec/lib/node_modules/typescript/lib/lib.es2015.collection.d.ts","/usr/local/Cellar/typescript/4.9.5/libexec/lib/node_modules/typescript/lib/lib.es2015.generator.d.ts","/usr/local/Cellar/typescript/4.9.5/libexec/lib/node_modules/typescript/lib/lib.es2015.iterable.d.ts","/usr/local/Cellar/typescript/4.9.5/libexec/lib/node_modules/typescript/lib/lib.es2015.promise.d.ts","/usr/local/Cellar/typescript/4.9.5/libexec/lib/node_modules/typescript/lib/lib.es2015.proxy.d.ts","/usr/local/Cellar/typescript/4.9.5/libexec/lib/node_modules/typescript/lib/lib.es2015.reflect.d.ts","/usr/local/Cellar/typescript/4.9.5/libexec/lib/node_modules/typescript/lib/lib.es2015.symbol.d.ts","/usr/local/Cellar/typescript/4.9.5/libexec/lib/node_modules/typescript/lib/lib.es2015.symbol.wellknown.d.ts","/usr/local/Cellar/typescript/4.9.5/libexec/lib/node_modules/typescript/lib/lib.es2016.array.include.d.ts","/usr/local/Cellar/typescript/4.9.5/libexec/lib/node_modules/typescript/lib/lib.es2016.full.d.ts","/Users/iskander/code/chilly-landing/pages/_app.js"],"compilerOptions":{"module":1,"target":3,"jsx":1,"allowJs":true,"allowSyntheticDefaultImports":true,"allowNonTsExtensions":true,"noEmitForJsFiles":true,"maxNodeModuleJsDepth":2},"typeAcquisition":{"enable":true,"include":[],"exclude":[]},"unresolvedImports":[],"projectRootPath":"/Users/iskander/code/chilly-landing/pages","kind":"discover"}
[12:06:47.874] Explicitly included types: []
[12:06:47.874] Inferred typings from unresolved imports: []
[12:06:47.874] Result: {"cachedTypingPaths":[],"newTypingNames":[],"filesToWatch":["/Users/iskander/code/chilly-landing/pages/bower_components","/Users/iskander/code/chilly-landing/pages/node_modules"]}
[12:06:47.875] Finished typings discovery: {"cachedTypingPaths":[],"newTypingNames":[],"filesToWatch":["/Users/iskander/code/chilly-landing/pages/bower_components","/Users/iskander/code/chilly-landing/pages/node_modules"]}
[12:06:47.875] Sending response:
    {"projectName":"/dev/null/inferredProject2*","typeAcquisition":{"enable":true,"include":[],"exclude":[]},"compilerOptions":{"module":1,"target":3,"jsx":1,"allowJs":true,"allowSyntheticDefaultImports":true,"allowNonTsExtensions":true,"noEmitForJsFiles":true,"maxNodeModuleJsDepth":2},"typings":[],"unresolvedImports":[],"kind":"action::set"}
[12:06:47.875] Response has been sent.
[12:06:47.875] No new typings were requested as a result of typings discovery
[12:06:48.722] Got install request {"projectName":"/dev/null/inferredProject1*","fileNames":["/usr/local/Cellar/typescript/4.9.5/libexec/lib/node_modules/typescript/lib/lib.es5.d.ts","/usr/local/Cellar/typescript/4.9.5/libexec/lib/node_modules/typescript/lib/lib.es2015.d.ts","/usr/local/Cellar/typescript/4.9.5/libexec/lib/node_modules/typescript/lib/lib.es2016.d.ts","/usr/local/Cellar/typescript/4.9.5/libexec/lib/node_modules/typescript/lib/lib.dom.d.ts","/usr/local/Cellar/typescript/4.9.5/libexec/lib/node_modules/typescript/lib/lib.dom.iterable.d.ts","/usr/local/Cellar/typescript/4.9.5/libexec/lib/node_modules/typescript/lib/lib.webworker.importscripts.d.ts","/usr/local/Cellar/typescript/4.9.5/libexec/lib/node_modules/typescript/lib/lib.scripthost.d.ts","/usr/local/Cellar/typescript/4.9.5/libexec/lib/node_modules/typescript/lib/lib.es2015.core.d.ts","/usr/local/Cellar/typescript/4.9.5/libexec/lib/node_modules/typescript/lib/lib.es2015.collection.d.ts","/usr/local/Cellar/typescript/4.9.5/libexec/lib/node_modules/typescript/lib/lib.es2015.generator.d.ts","/usr/local/Cellar/typescript/4.9.5/libexec/lib/node_modules/typescript/lib/lib.es2015.iterable.d.ts","/usr/local/Cellar/typescript/4.9.5/libexec/lib/node_modules/typescript/lib/lib.es2015.promise.d.ts","/usr/local/Cellar/typescript/4.9.5/libexec/lib/node_modules/typescript/lib/lib.es2015.proxy.d.ts","/usr/local/Cellar/typescript/4.9.5/libexec/lib/node_modules/typescript/lib/lib.es2015.reflect.d.ts","/usr/local/Cellar/typescript/4.9.5/libexec/lib/node_modules/typescript/lib/lib.es2015.symbol.d.ts","/usr/local/Cellar/typescript/4.9.5/libexec/lib/node_modules/typescript/lib/lib.es2015.symbol.wellknown.d.ts","/usr/local/Cellar/typescript/4.9.5/libexec/lib/node_modules/typescript/lib/lib.es2016.array.include.d.ts","/usr/local/Cellar/typescript/4.9.5/libexec/lib/node_modules/typescript/lib/lib.es2016.full.d.ts","/Users/iskander/code/chilly-landing/components/container.js","/Users/iskander/code/chilly-landing/components/contentful-image.js","/Users/iskander/code/chilly-landing/components/avatar.js","/Users/iskander/code/chilly-landing/components/date.js","/Users/iskander/code/chilly-landing/components/cover-image.js","/Users/iskander/code/chilly-landing/components/post-preview.js","/Users/iskander/code/chilly-landing/components/more-stories.js","/Users/iskander/code/chilly-landing/components/hero-post.js","/Users/iskander/code/chilly-landing/components/intro.js","/Users/iskander/Library/Caches/typescript/4.9/node_modules/@types/three/index.d.ts","/Users/iskander/Library/Caches/typescript/4.9/node_modules/@types/react-reconciler/index.d.ts","/Users/iskander/code/chilly-landing/components/suzanne.js","/Users/iskander/code/chilly-landing/components/description.js","/Users/iskander/code/chilly-landing/components/blocks.js","/Users/iskander/code/chilly-landing/lib/constants.js","/Users/iskander/code/chilly-landing/components/alert.js","/Users/iskander/code/chilly-landing/components/footer.js","/Users/iskander/code/chilly-landing/components/meta.js","/Users/iskander/code/chilly-landing/components/layout.js","/Users/iskander/code/chilly-landing/lib/api.js","/Users/iskander/code/chilly-landing/pages/index.js","/Users/iskander/Library/Caches/typescript/4.9/node_modules/@types/intro.js/index.d.ts"],"compilerOptions":{"module":1,"target":3,"jsx":1,"allowJs":true,"allowSyntheticDefaultImports":true,"allowNonTsExtensions":true,"noEmitForJsFiles":true,"maxNodeModuleJsDepth":2},"typeAcquisition":{"enable":true,"include":[],"exclude":[]},"unresolvedImports":["types"],"projectRootPath":"/Users/iskander/code/chilly-landing/pages","kind":"discover"}
[12:06:48.722] Explicitly included types: []
[12:06:48.723] Inferred typings from file names: ["intro.js"]
[12:06:48.723] Inferred typings from unresolved imports: ["types"]
[12:06:48.723] Result: {"cachedTypingPaths":["/Users/iskander/Library/Caches/typescript/4.9/node_modules/@types/intro.js/index.d.ts"],"newTypingNames":["types"],"filesToWatch":["/Users/iskander/code/chilly-landing/components/bower_components","/Users/iskander/code/chilly-landing/components/node_modules","/Users/iskander/code/chilly-landing/lib/bower_components","/Users/iskander/code/chilly-landing/lib/node_modules","/Users/iskander/code/chilly-landing/pages/bower_components","/Users/iskander/code/chilly-landing/pages/node_modules"]}
[12:06:48.723] Finished typings discovery: {"cachedTypingPaths":["/Users/iskander/Library/Caches/typescript/4.9/node_modules/@types/intro.js/index.d.ts"],"newTypingNames":["types"],"filesToWatch":["/Users/iskander/code/chilly-landing/components/bower_components","/Users/iskander/code/chilly-landing/components/node_modules","/Users/iskander/code/chilly-landing/lib/bower_components","/Users/iskander/code/chilly-landing/lib/node_modules","/Users/iskander/code/chilly-landing/pages/bower_components","/Users/iskander/code/chilly-landing/pages/node_modules"]}
[12:06:48.723] Installing typings ["types"]
[12:06:48.723] 'types':: Entry for package 'types' does not exist in local types registry - skipping...
[12:06:48.723] All typings are known to be missing or invalid - no need to install more typings
[12:06:48.724] Sending response:
    {"projectName":"/dev/null/inferredProject1*","typeAcquisition":{"enable":true,"include":[],"exclude":[]},"compilerOptions":{"module":1,"target":3,"jsx":1,"allowJs":true,"allowSyntheticDefaultImports":true,"allowNonTsExtensions":true,"noEmitForJsFiles":true,"maxNodeModuleJsDepth":2},"typings":["/Users/iskander/Library/Caches/typescript/4.9/node_modules/@types/intro.js/index.d.ts"],"unresolvedImports":["types"],"kind":"action::set"}
[12:06:48.724] Response has been sent.
[12:06:49.217] Got install request {"projectName":"/dev/null/inferredProject1*","fileNames":["/usr/local/Cellar/typescript/4.9.5/libexec/lib/node_modules/typescript/lib/lib.es5.d.ts","/usr/local/Cellar/typescript/4.9.5/libexec/lib/node_modules/typescript/lib/lib.es2015.d.ts","/usr/local/Cellar/typescript/4.9.5/libexec/lib/node_modules/typescript/lib/lib.es2016.d.ts","/usr/local/Cellar/typescript/4.9.5/libexec/lib/node_modules/typescript/lib/lib.dom.d.ts","/usr/local/Cellar/typescript/4.9.5/libexec/lib/node_modules/typescript/lib/lib.dom.iterable.d.ts","/usr/local/Cellar/typescript/4.9.5/libexec/lib/node_modules/typescript/lib/lib.webworker.importscripts.d.ts","/usr/local/Cellar/typescript/4.9.5/libexec/lib/node_modules/typescript/lib/lib.scripthost.d.ts","/usr/local/Cellar/typescript/4.9.5/libexec/lib/node_modules/typescript/lib/lib.es2015.core.d.ts","/usr/local/Cellar/typescript/4.9.5/libexec/lib/node_modules/typescript/lib/lib.es2015.collection.d.ts","/usr/local/Cellar/typescript/4.9.5/libexec/lib/node_modules/typescript/lib/lib.es2015.generator.d.ts","/usr/local/Cellar/typescript/4.9.5/libexec/lib/node_modules/typescript/lib/lib.es2015.iterable.d.ts","/usr/local/Cellar/typescript/4.9.5/libexec/lib/node_modules/typescript/lib/lib.es2015.promise.d.ts","/usr/local/Cellar/typescript/4.9.5/libexec/lib/node_modules/typescript/lib/lib.es2015.proxy.d.ts","/usr/local/Cellar/typescript/4.9.5/libexec/lib/node_modules/typescript/lib/lib.es2015.reflect.d.ts","/usr/local/Cellar/typescript/4.9.5/libexec/lib/node_modules/typescript/lib/lib.es2015.symbol.d.ts","/usr/local/Cellar/typescript/4.9.5/libexec/lib/node_modules/typescript/lib/lib.es2015.symbol.wellknown.d.ts","/usr/local/Cellar/typescript/4.9.5/libexec/lib/node_modules/typescript/lib/lib.es2016.array.include.d.ts","/usr/local/Cellar/typescript/4.9.5/libexec/lib/node_modules/typescript/lib/lib.es2016.full.d.ts","/Users/iskander/code/chilly-landing/components/container.js","/Users/iskander/code/chilly-landing/components/contentful-image.js","/Users/iskander/code/chilly-landing/components/avatar.js","/Users/iskander/code/chilly-landing/components/date.js","/Users/iskander/code/chilly-landing/components/cover-image.js","/Users/iskander/code/chilly-landing/components/post-preview.js","/Users/iskander/code/chilly-landing/components/more-stories.js","/Users/iskander/code/chilly-landing/components/hero-post.js","/Users/iskander/code/chilly-landing/components/intro.js","/Users/iskander/code/chilly-landing/components/suzanne.js","/Users/iskander/code/chilly-landing/components/description.js","/Users/iskander/code/chilly-landing/components/blocks.js","/Users/iskander/code/chilly-landing/lib/constants.js","/Users/iskander/code/chilly-landing/components/alert.js","/Users/iskander/code/chilly-landing/components/footer.js","/Users/iskander/code/chilly-landing/components/meta.js","/Users/iskander/code/chilly-landing/components/layout.js","/Users/iskander/code/chilly-landing/lib/api.js","/Users/iskander/code/chilly-landing/pages/index.js","/Users/iskander/Library/Caches/typescript/4.9/node_modules/@types/intro.js/index.d.ts"],"compilerOptions":{"module":1,"target":3,"jsx":1,"allowJs":true,"allowSyntheticDefaultImports":true,"allowNonTsExtensions":true,"noEmitForJsFiles":true,"maxNodeModuleJsDepth":2},"typeAcquisition":{"enable":true,"include":[],"exclude":[]},"unresolvedImports":["types"],"projectRootPath":"/Users/iskander/code/chilly-landing/pages","kind":"discover"}
[12:06:49.217] Explicitly included types: []
[12:06:49.218] Inferred typings from file names: ["intro.js"]
[12:06:49.219] Inferred typings from unresolved imports: ["types"]
[12:06:49.219] Result: {"cachedTypingPaths":["/Users/iskander/Library/Caches/typescript/4.9/node_modules/@types/intro.js/index.d.ts"],"newTypingNames":["types"],"filesToWatch":["/Users/iskander/code/chilly-landing/components/bower_components","/Users/iskander/code/chilly-landing/components/node_modules","/Users/iskander/code/chilly-landing/lib/bower_components","/Users/iskander/code/chilly-landing/lib/node_modules","/Users/iskander/code/chilly-landing/pages/bower_components","/Users/iskander/code/chilly-landing/pages/node_modules"]}
[12:06:49.219] Finished typings discovery: {"cachedTypingPaths":["/Users/iskander/Library/Caches/typescript/4.9/node_modules/@types/intro.js/index.d.ts"],"newTypingNames":["types"],"filesToWatch":["/Users/iskander/code/chilly-landing/components/bower_components","/Users/iskander/code/chilly-landing/components/node_modules","/Users/iskander/code/chilly-landing/lib/bower_components","/Users/iskander/code/chilly-landing/lib/node_modules","/Users/iskander/code/chilly-landing/pages/bower_components","/Users/iskander/code/chilly-landing/pages/node_modules"]}
[12:06:49.220] Installing typings ["types"]
[12:06:49.220] 'types':: Entry for package 'types' does not exist in local types registry - skipping...
[12:06:49.220] All typings are known to be missing or invalid - no need to install more typings
[12:06:49.220] Sending response:
    {"projectName":"/dev/null/inferredProject1*","typeAcquisition":{"enable":true,"include":[],"exclude":[]},"compilerOptions":{"module":1,"target":3,"jsx":1,"allowJs":true,"allowSyntheticDefaultImports":true,"allowNonTsExtensions":true,"noEmitForJsFiles":true,"maxNodeModuleJsDepth":2},"typings":["/Users/iskander/Library/Caches/typescript/4.9/node_modules/@types/intro.js/index.d.ts"],"unresolvedImports":["types"],"kind":"action::set"}
[12:06:49.221] Response has been sent.
