[10:09:34.428] Global cache location '/Users/iskander/Library/Caches/typescript/4.9', safe file path '/usr/local/cellar/typescript/4.9.5/libexec/lib/node_modules/typescript/lib/typingsafelist.json', types map path /usr/local/cellar/typescript/4.9.5/libexec/lib/node_modules/typescript/lib/typesmap.json
[10:09:34.430] Processing cache location '/Users/iskander/Library/Caches/typescript/4.9'
[10:09:34.430] Trying to find '/Users/iskander/Library/Caches/typescript/4.9/package.json'...
[10:09:34.432] Loaded content of '/Users/iskander/Library/Caches/typescript/4.9/package.json': {"private":true,"dependencies":{"types-registry":"^0.1.633"},"devDependencies":{"@types/eslint":"^8.21.1","@types/intro.js":"^5.1.1","@types/node":"^18.14.2","@types/object-assign":"^4.0.30","@types/object.omit":"^3.0.0","@types/react":"^18.0.28","@types/react-dom":"^18.0.11","@types/react-reconciler":"^0.28.2","@types/three":"^0.149.0","@types/vimeo__player":"^2.16.3"}}
[10:09:34.433] Loaded content of '/Users/iskander/Library/Caches/typescript/4.9/package-lock.json'
[10:09:34.446] Adding entry into typings cache: 'eslint' => '/Users/iskander/Library/Caches/typescript/4.9/node_modules/@types/eslint/index.d.ts'
[10:09:34.449] Adding entry into typings cache: 'intro.js' => '/Users/iskander/Library/Caches/typescript/4.9/node_modules/@types/intro.js/index.d.ts'
[10:09:34.456] Adding entry into typings cache: 'node' => '/Users/iskander/Library/Caches/typescript/4.9/node_modules/@types/node/index.d.ts'
[10:09:34.458] Adding entry into typings cache: 'object-assign' => '/Users/iskander/Library/Caches/typescript/4.9/node_modules/@types/object-assign/index.d.ts'
[10:09:34.460] Adding entry into typings cache: 'object.omit' => '/Users/iskander/Library/Caches/typescript/4.9/node_modules/@types/object.omit/index.d.ts'
[10:09:34.464] Adding entry into typings cache: 'react' => '/Users/iskander/Library/Caches/typescript/4.9/node_modules/@types/react/index.d.ts'
[10:09:34.468] Adding entry into typings cache: 'react-dom' => '/Users/iskander/Library/Caches/typescript/4.9/node_modules/@types/react-dom/index.d.ts'
[10:09:34.470] Adding entry into typings cache: 'react-reconciler' => '/Users/iskander/Library/Caches/typescript/4.9/node_modules/@types/react-reconciler/index.d.ts'
[10:09:34.472] Adding entry into typings cache: 'three' => '/Users/iskander/Library/Caches/typescript/4.9/node_modules/@types/three/index.d.ts'
[10:09:34.474] Adding entry into typings cache: 'vimeo__player' => '/Users/iskander/Library/Caches/typescript/4.9/node_modules/@types/vimeo__player/index.d.ts'
[10:09:34.474] Finished processing cache location '/Users/iskander/Library/Caches/typescript/4.9'
[10:09:34.475] Process id: 72954
[10:09:34.475] NPM location: /usr/local/bin/npm (explicit '--npmLocation' not  provided)
[10:09:34.475] validateDefaultNpmLocation: false
[10:09:34.475] Npm config file: /Users/iskander/Library/Caches/typescript/4.9/package.json
[10:09:34.475] Updating types-registry npm package...
[10:09:34.475] Exec: /usr/local/bin/npm install --ignore-scripts types-registry@latest
[10:09:36.208]     Succeeded. stdout:
    
    changed 1 package, and audited 18 packages in 1s

found 0 vulnerabilities

[10:09:36.208] Updated types-registry npm package
[10:09:37.385] Got install request {"projectName":"/dev/null/inferredProject1*","fileNames":["/usr/local/Cellar/typescript/4.9.5/libexec/lib/node_modules/typescript/lib/lib.es5.d.ts","/usr/local/Cellar/typescript/4.9.5/libexec/lib/node_modules/typescript/lib/lib.es2015.d.ts","/usr/local/Cellar/typescript/4.9.5/libexec/lib/node_modules/typescript/lib/lib.es2016.d.ts","/usr/local/Cellar/typescript/4.9.5/libexec/lib/node_modules/typescript/lib/lib.dom.d.ts","/usr/local/Cellar/typescript/4.9.5/libexec/lib/node_modules/typescript/lib/lib.dom.iterable.d.ts","/usr/local/Cellar/typescript/4.9.5/libexec/lib/node_modules/typescript/lib/lib.webworker.importscripts.d.ts","/usr/local/Cellar/typescript/4.9.5/libexec/lib/node_modules/typescript/lib/lib.scripthost.d.ts","/usr/local/Cellar/typescript/4.9.5/libexec/lib/node_modules/typescript/lib/lib.es2015.core.d.ts","/usr/local/Cellar/typescript/4.9.5/libexec/lib/node_modules/typescript/lib/lib.es2015.collection.d.ts","/usr/local/Cellar/typescript/4.9.5/libexec/lib/node_modules/typescript/lib/lib.es2015.generator.d.ts","/usr/local/Cellar/typescript/4.9.5/libexec/lib/node_modules/typescript/lib/lib.es2015.iterable.d.ts","/usr/local/Cellar/typescript/4.9.5/libexec/lib/node_modules/typescript/lib/lib.es2015.promise.d.ts","/usr/local/Cellar/typescript/4.9.5/libexec/lib/node_modules/typescript/lib/lib.es2015.proxy.d.ts","/usr/local/Cellar/typescript/4.9.5/libexec/lib/node_modules/typescript/lib/lib.es2015.reflect.d.ts","/usr/local/Cellar/typescript/4.9.5/libexec/lib/node_modules/typescript/lib/lib.es2015.symbol.d.ts","/usr/local/Cellar/typescript/4.9.5/libexec/lib/node_modules/typescript/lib/lib.es2015.symbol.wellknown.d.ts","/usr/local/Cellar/typescript/4.9.5/libexec/lib/node_modules/typescript/lib/lib.es2016.array.include.d.ts","/usr/local/Cellar/typescript/4.9.5/libexec/lib/node_modules/typescript/lib/lib.es2016.full.d.ts","/Users/iskander/code/chilly-landing/components/container.js","/Users/iskander/code/chilly-landing/components/contentful-image.js","/Users/iskander/code/chilly-landing/components/avatar.js","/Users/iskander/code/chilly-landing/components/date.js","/Users/iskander/code/chilly-landing/components/cover-image.js","/Users/iskander/code/chilly-landing/components/post-preview.js","/Users/iskander/code/chilly-landing/components/more-stories.js","/Users/iskander/code/chilly-landing/components/hero-post.js","/Users/iskander/code/chilly-landing/components/intro.js","/Users/iskander/code/chilly-landing/components/suzanne.js","/Users/iskander/code/chilly-landing/components/description.js","/Users/iskander/code/chilly-landing/components/blocks.js","/Users/iskander/code/chilly-landing/lib/constants.js","/Users/iskander/code/chilly-landing/components/alert.js","/Users/iskander/code/chilly-landing/components/footer.js","/Users/iskander/code/chilly-landing/components/meta.js","/Users/iskander/code/chilly-landing/components/layout.js","/Users/iskander/code/chilly-landing/lib/api.js","/Users/iskander/code/chilly-landing/pages/index.js"],"compilerOptions":{"module":1,"target":3,"jsx":1,"allowJs":true,"allowSyntheticDefaultImports":true,"allowNonTsExtensions":true,"noEmitForJsFiles":true,"maxNodeModuleJsDepth":2},"typeAcquisition":{"enable":true,"include":[],"exclude":[]},"unresolvedImports":["types"],"projectRootPath":"/Users/iskander/code/chilly-landing/pages","kind":"discover"}
[10:09:37.394] Loaded safelist from types map file '/usr/local/cellar/typescript/4.9.5/libexec/lib/node_modules/typescript/lib/typesmap.json'
[10:09:37.395] Explicitly included types: []
[10:09:37.395] Inferred typings from file names: ["intro.js"]
[10:09:37.395] Inferred typings from unresolved imports: ["types"]
[10:09:37.396] Result: {"cachedTypingPaths":["/Users/iskander/Library/Caches/typescript/4.9/node_modules/@types/intro.js/index.d.ts"],"newTypingNames":["types"],"filesToWatch":["/Users/iskander/code/chilly-landing/components/bower_components","/Users/iskander/code/chilly-landing/components/node_modules","/Users/iskander/code/chilly-landing/lib/bower_components","/Users/iskander/code/chilly-landing/lib/node_modules","/Users/iskander/code/chilly-landing/pages/bower_components","/Users/iskander/code/chilly-landing/pages/node_modules"]}
[10:09:37.396] Finished typings discovery: {"cachedTypingPaths":["/Users/iskander/Library/Caches/typescript/4.9/node_modules/@types/intro.js/index.d.ts"],"newTypingNames":["types"],"filesToWatch":["/Users/iskander/code/chilly-landing/components/bower_components","/Users/iskander/code/chilly-landing/components/node_modules","/Users/iskander/code/chilly-landing/lib/bower_components","/Users/iskander/code/chilly-landing/lib/node_modules","/Users/iskander/code/chilly-landing/pages/bower_components","/Users/iskander/code/chilly-landing/pages/node_modules"]}
[10:09:37.397] DirectoryWatcher:: Added:: WatchInfo: /Users/iskander/code/chilly-landing/components/bower_components
[10:09:37.397] DirectoryWatcher:: Added:: WatchInfo: /Users/iskander/code/chilly-landing/components/bower_components 1 undefined Project: /dev/null/inferredProject1* watcher already invoked: false
[10:09:37.399] Elapsed:: 0.9359220266342163ms DirectoryWatcher:: Added:: WatchInfo: /Users/iskander/code/chilly-landing/components/bower_components 1 undefined Project: /dev/null/inferredProject1* watcher already invoked: false
[10:09:37.399] DirectoryWatcher:: Added:: WatchInfo: /Users/iskander/code/chilly-landing/components/node_modules
[10:09:37.399] DirectoryWatcher:: Added:: WatchInfo: /Users/iskander/code/chilly-landing/components/node_modules 1 undefined Project: /dev/null/inferredProject1* watcher already invoked: false
[10:09:37.399] Elapsed:: 0.10995900630950928ms DirectoryWatcher:: Added:: WatchInfo: /Users/iskander/code/chilly-landing/components/node_modules 1 undefined Project: /dev/null/inferredProject1* watcher already invoked: false
[10:09:37.399] DirectoryWatcher:: Added:: WatchInfo: /Users/iskander/code/chilly-landing/lib/bower_components
[10:09:37.400] DirectoryWatcher:: Added:: WatchInfo: /Users/iskander/code/chilly-landing/lib/bower_components 1 undefined Project: /dev/null/inferredProject1* watcher already invoked: false
[10:09:37.400] Elapsed:: 0.14410400390625ms DirectoryWatcher:: Added:: WatchInfo: /Users/iskander/code/chilly-landing/lib/bower_components 1 undefined Project: /dev/null/inferredProject1* watcher already invoked: false
[10:09:37.400] DirectoryWatcher:: Added:: WatchInfo: /Users/iskander/code/chilly-landing/lib/node_modules
[10:09:37.400] DirectoryWatcher:: Added:: WatchInfo: /Users/iskander/code/chilly-landing/lib/node_modules 1 undefined Project: /dev/null/inferredProject1* watcher already invoked: false
[10:09:37.400] Elapsed:: 0.14070099592208862ms DirectoryWatcher:: Added:: WatchInfo: /Users/iskander/code/chilly-landing/lib/node_modules 1 undefined Project: /dev/null/inferredProject1* watcher already invoked: false
[10:09:37.401] DirectoryWatcher:: Added:: WatchInfo: /Users/iskander/code/chilly-landing/pages/bower_components
[10:09:37.401] DirectoryWatcher:: Added:: WatchInfo: /Users/iskander/code/chilly-landing/pages/bower_components 1 undefined Project: /dev/null/inferredProject1* watcher already invoked: false
[10:09:37.401] Elapsed:: 0.095986008644104ms DirectoryWatcher:: Added:: WatchInfo: /Users/iskander/code/chilly-landing/pages/bower_components 1 undefined Project: /dev/null/inferredProject1* watcher already invoked: false
[10:09:37.401] DirectoryWatcher:: Added:: WatchInfo: /Users/iskander/code/chilly-landing/pages/node_modules
[10:09:37.401] DirectoryWatcher:: Added:: WatchInfo: /Users/iskander/code/chilly-landing/pages/node_modules 1 undefined Project: /dev/null/inferredProject1* watcher already invoked: false
[10:09:37.401] Elapsed:: 0.09445399045944214ms DirectoryWatcher:: Added:: WatchInfo: /Users/iskander/code/chilly-landing/pages/node_modules 1 undefined Project: /dev/null/inferredProject1* watcher already invoked: false
[10:09:37.402] Installing typings ["types"]
[10:09:37.402] 'types':: Entry for package 'types' does not exist in local types registry - skipping...
[10:09:37.402] All typings are known to be missing or invalid - no need to install more typings
[10:09:37.402] Sending response:
    {"projectName":"/dev/null/inferredProject1*","typeAcquisition":{"enable":true,"include":[],"exclude":[]},"compilerOptions":{"module":1,"target":3,"jsx":1,"allowJs":true,"allowSyntheticDefaultImports":true,"allowNonTsExtensions":true,"noEmitForJsFiles":true,"maxNodeModuleJsDepth":2},"typings":["/Users/iskander/Library/Caches/typescript/4.9/node_modules/@types/intro.js/index.d.ts"],"unresolvedImports":["types"],"kind":"action::set"}
[10:09:37.403] Response has been sent.
[10:09:37.737] Got install request {"projectName":"/dev/null/inferredProject1*","fileNames":["/usr/local/Cellar/typescript/4.9.5/libexec/lib/node_modules/typescript/lib/lib.es5.d.ts","/usr/local/Cellar/typescript/4.9.5/libexec/lib/node_modules/typescript/lib/lib.es2015.d.ts","/usr/local/Cellar/typescript/4.9.5/libexec/lib/node_modules/typescript/lib/lib.es2016.d.ts","/usr/local/Cellar/typescript/4.9.5/libexec/lib/node_modules/typescript/lib/lib.dom.d.ts","/usr/local/Cellar/typescript/4.9.5/libexec/lib/node_modules/typescript/lib/lib.dom.iterable.d.ts","/usr/local/Cellar/typescript/4.9.5/libexec/lib/node_modules/typescript/lib/lib.webworker.importscripts.d.ts","/usr/local/Cellar/typescript/4.9.5/libexec/lib/node_modules/typescript/lib/lib.scripthost.d.ts","/usr/local/Cellar/typescript/4.9.5/libexec/lib/node_modules/typescript/lib/lib.es2015.core.d.ts","/usr/local/Cellar/typescript/4.9.5/libexec/lib/node_modules/typescript/lib/lib.es2015.collection.d.ts","/usr/local/Cellar/typescript/4.9.5/libexec/lib/node_modules/typescript/lib/lib.es2015.generator.d.ts","/usr/local/Cellar/typescript/4.9.5/libexec/lib/node_modules/typescript/lib/lib.es2015.iterable.d.ts","/usr/local/Cellar/typescript/4.9.5/libexec/lib/node_modules/typescript/lib/lib.es2015.promise.d.ts","/usr/local/Cellar/typescript/4.9.5/libexec/lib/node_modules/typescript/lib/lib.es2015.proxy.d.ts","/usr/local/Cellar/typescript/4.9.5/libexec/lib/node_modules/typescript/lib/lib.es2015.reflect.d.ts","/usr/local/Cellar/typescript/4.9.5/libexec/lib/node_modules/typescript/lib/lib.es2015.symbol.d.ts","/usr/local/Cellar/typescript/4.9.5/libexec/lib/node_modules/typescript/lib/lib.es2015.symbol.wellknown.d.ts","/usr/local/Cellar/typescript/4.9.5/libexec/lib/node_modules/typescript/lib/lib.es2016.array.include.d.ts","/usr/local/Cellar/typescript/4.9.5/libexec/lib/node_modules/typescript/lib/lib.es2016.full.d.ts","/Users/iskander/code/chilly-landing/components/container.js","/Users/iskander/code/chilly-landing/components/contentful-image.js","/Users/iskander/code/chilly-landing/components/avatar.js","/Users/iskander/code/chilly-landing/components/date.js","/Users/iskander/code/chilly-landing/components/cover-image.js","/Users/iskander/code/chilly-landing/components/post-preview.js","/Users/iskander/code/chilly-landing/components/more-stories.js","/Users/iskander/code/chilly-landing/components/hero-post.js","/Users/iskander/code/chilly-landing/components/intro.js","/Users/iskander/code/chilly-landing/components/suzanne.js","/Users/iskander/code/chilly-landing/components/description.js","/Users/iskander/code/chilly-landing/components/blocks.js","/Users/iskander/code/chilly-landing/lib/constants.js","/Users/iskander/code/chilly-landing/components/alert.js","/Users/iskander/code/chilly-landing/components/footer.js","/Users/iskander/code/chilly-landing/components/meta.js","/Users/iskander/code/chilly-landing/components/layout.js","/Users/iskander/code/chilly-landing/lib/api.js","/Users/iskander/code/chilly-landing/pages/index.js","/Users/iskander/Library/Caches/typescript/4.9/node_modules/@types/intro.js/index.d.ts"],"compilerOptions":{"module":1,"target":3,"jsx":1,"allowJs":true,"allowSyntheticDefaultImports":true,"allowNonTsExtensions":true,"noEmitForJsFiles":true,"maxNodeModuleJsDepth":2},"typeAcquisition":{"enable":true,"include":[],"exclude":[]},"unresolvedImports":["types"],"projectRootPath":"/Users/iskander/code/chilly-landing/pages","kind":"discover"}
[10:09:37.738] Explicitly included types: []
[10:09:37.738] Inferred typings from file names: ["intro.js"]
[10:09:37.738] Inferred typings from unresolved imports: ["types"]
[10:09:37.739] Result: {"cachedTypingPaths":["/Users/iskander/Library/Caches/typescript/4.9/node_modules/@types/intro.js/index.d.ts"],"newTypingNames":["types"],"filesToWatch":["/Users/iskander/code/chilly-landing/components/bower_components","/Users/iskander/code/chilly-landing/components/node_modules","/Users/iskander/code/chilly-landing/lib/bower_components","/Users/iskander/code/chilly-landing/lib/node_modules","/Users/iskander/code/chilly-landing/pages/bower_components","/Users/iskander/code/chilly-landing/pages/node_modules"]}
[10:09:37.739] Finished typings discovery: {"cachedTypingPaths":["/Users/iskander/Library/Caches/typescript/4.9/node_modules/@types/intro.js/index.d.ts"],"newTypingNames":["types"],"filesToWatch":["/Users/iskander/code/chilly-landing/components/bower_components","/Users/iskander/code/chilly-landing/components/node_modules","/Users/iskander/code/chilly-landing/lib/bower_components","/Users/iskander/code/chilly-landing/lib/node_modules","/Users/iskander/code/chilly-landing/pages/bower_components","/Users/iskander/code/chilly-landing/pages/node_modules"]}
[10:09:37.739] Installing typings ["types"]
[10:09:37.739] 'types':: Entry for package 'types' does not exist in local types registry - skipping...
[10:09:37.739] All typings are known to be missing or invalid - no need to install more typings
[10:09:37.739] Sending response:
    {"projectName":"/dev/null/inferredProject1*","typeAcquisition":{"enable":true,"include":[],"exclude":[]},"compilerOptions":{"module":1,"target":3,"jsx":1,"allowJs":true,"allowSyntheticDefaultImports":true,"allowNonTsExtensions":true,"noEmitForJsFiles":true,"maxNodeModuleJsDepth":2},"typings":["/Users/iskander/Library/Caches/typescript/4.9/node_modules/@types/intro.js/index.d.ts"],"unresolvedImports":["types"],"kind":"action::set"}
[10:09:37.740] Response has been sent.
